{"ts":1662627740195,"action":"PROJECT_OPENED","tags":{"PROJECT_NAME":"uiAutomation"}}
{"ts":1662627740666,"action":"FILE_OPENED","file":"/README.md","tags":{"FILE_LINE_OF_CODE":"4"}}
{"ts":1662627772298,"action":"FILE_CLOSED","file":"/README.md","tags":{"FILE_LINE_OF_CODE":"4"}}
{"ts":1662627772298,"action":"FILE_OPENED","file":"/keywords/__init__.py","tags":{"FILE_LINE_OF_CODE":"9"}}
{"ts":1662627776097,"action":"FILE_CLOSED","file":"/keywords/__init__.py","tags":{"FILE_LINE_OF_CODE":"9"}}
{"ts":1662627776097,"action":"FILE_OPENED","file":"/KWD/__init__.py","tags":{"FILE_LINE_OF_CODE":"9"}}
{"ts":1662627781249,"action":"FILE_CLOSED","file":"/KWD/__init__.py","tags":{"FILE_LINE_OF_CODE":"9"}}
{"ts":1662627781249,"action":"FILE_OPENED","file":"/app_automation/__init__.py","tags":{"FILE_LINE_OF_CODE":"9"}}
{"ts":1662627925850,"action":"IDE_DEACTIVATED"}
{"ts":1662627928831,"action":"IDE_ACTIVATED"}
{"ts":1662627974061,"action":"FILE_CLOSED","file":"/app_automation/__init__.py","tags":{"FILE_LINE_OF_CODE":"9"}}
{"ts":1662627974061,"action":"FILE_OPENED","file":"/test.py","tags":{"FILE_LINE_OF_CODE":"46"}}
{"ts":1662627976219,"action":"FILE_CLOSED","file":"/test.py","tags":{"FILE_LINE_OF_CODE":"46"}}
{"ts":1662627976219,"action":"FILE_OPENED","file":"/test1.py","tags":{"FILE_LINE_OF_CODE":"8"}}
{"ts":1662627982996,"action":"FILE_OPENED","file":"/test.py","tags":{"FILE_LINE_OF_CODE":"46"}}
{"ts":1662627993293,"action":"FILE_CLOSED","file":"/test.py","tags":{"FILE_LINE_OF_CODE":"46"}}
{"ts":1662627993476,"action":"PROJECT_CLOSED","tags":{"PROJECT_NAME":"uiAutomation"}}
{"ts":1662628012527,"action":"FILE_OPENED","file":"/README.md","tags":{"FILE_LINE_OF_CODE":"4"}}
{"ts":1662628015453,"action":"IDE_DEACTIVATED"}
{"ts":1662628014142,"action":"PROJECT_OPENED","tags":{"PROJECT_NAME":"uiAutomation"}}
{"ts":1662628038851,"action":"IDE_ACTIVATED"}
{"ts":1662628077645,"action":"FILE_CLOSED","file":"/README.md","tags":{"FILE_LINE_OF_CODE":"4"}}
{"ts":1662628077645,"action":"FILE_OPENED","file":"/test.py","tags":{"FILE_LINE_OF_CODE":"46"}}
{"ts":1662628091891,"action":"FILE_CLOSED","file":"/test.py","tags":{"FILE_LINE_OF_CODE":"46"}}
{"ts":1662628091891,"action":"FILE_OPENED","file":"/app_automation/__init__.py","tags":{"FILE_LINE_OF_CODE":"9"}}
{"ts":1662628107874,"action":"IDE_DEACTIVATED"}
{"ts":1662628168518,"action":"IDE_ACTIVATED"}
{"ts":1662628376130,"action":"IDE_DEACTIVATED"}
{"ts":1662628431417,"action":"IDE_ACTIVATED"}
{"ts":1662628492006,"action":"FILE_CLOSED","file":"/app_automation/__init__.py","tags":{"FILE_LINE_OF_CODE":"9"}}
{"ts":1662628492006,"action":"FILE_OPENED","file":"/test1.py","tags":{"FILE_LINE_OF_CODE":"0"}}
